2026-05-20 23:36:51.629: [INFO] VisibilityChanged: 0
2026-05-20 23:36:51.685: [INFO] BookmarkModelLoaded, ids_reassigned: 0
2026-05-20 23:36:51.685: [INFO] OnDoneLoading sync enabled: 0
2026-05-20 23:42:09.141: [INFO] VisibilityChanged: 0
2026-05-20 23:42:09.189: [INFO] BookmarkModelLoaded, ids_reassigned: 0
2026-05-20 23:42:09.189: [INFO] OnDoneLoading sync enabled: 0
2026-05-20 23:52:07.843: [INFO] VisibilityChanged: 0
2026-05-20 23:52:07.900: [INFO] BookmarkModelLoaded, ids_reassigned: 0
2026-05-20 23:52:07.900: [INFO] OnDoneLoading sync enabled: 0
2026-05-21 00:01:22.714: [INFO] VisibilityChanged: 0
2026-05-21 00:01:22.770: [INFO] BookmarkModelLoaded, ids_reassigned: 0
2026-05-21 00:01:22.770: [INFO] OnDoneLoading sync enabled: 0
2026-05-21 00:04:06.274: [INFO] VisibilityChanged: 0
2026-05-21 00:04:06.333: [INFO] BookmarkModelLoaded, ids_reassigned: 0
2026-05-21 00:04:06.333: [INFO] OnDoneLoading sync enabled: 0
2026-05-21 00:08:48.713: [INFO] VisibilityChanged: 0
2026-05-21 00:08:48.765: [INFO] BookmarkModelLoaded, ids_reassigned: 0
2026-05-21 00:08:48.765: [INFO] OnDoneLoading sync enabled: 0
2026-05-21 00:13:40.104: [INFO] VisibilityChanged: 0
2026-05-21 00:13:40.165: [INFO] BookmarkModelLoaded, ids_reassigned: 0
2026-05-21 00:13:40.165: [INFO] OnDoneLoading sync enabled: 0
2026-05-21 00:27:54.227: [INFO] VisibilityChanged: 0
2026-05-21 00:27:54.290: [INFO] BookmarkModelLoaded, ids_reassigned: 0
2026-05-21 00:27:54.290: [INFO] OnDoneLoading sync enabled: 0
2026-05-21 01:52:33.532: [INFO] VisibilityChanged: 0
2026-05-21 01:52:33.588: [INFO] BookmarkModelLoaded, ids_reassigned: 0
2026-05-21 01:52:33.588: [INFO] OnDoneLoading sync enabled: 0
2026-05-21 02:10:53.958: [INFO] VisibilityChanged: 0
2026-05-21 02:10:54.071: [INFO] BookmarkModelLoaded, ids_reassigned: 0
2026-05-21 02:10:54.071: [INFO] OnDoneLoading sync enabled: 0
2026-05-21 15:32:34.445: [INFO] VisibilityChanged: 0
2026-05-21 15:32:34.502: [INFO] BookmarkModelLoaded, ids_reassigned: 0
2026-05-21 15:32:34.502: [INFO] OnDoneLoading sync enabled: 0
2026-05-21 15:35:31.390: [INFO] VisibilityChanged: 0
2026-05-21 15:35:31.482: [INFO] BookmarkModelLoaded, ids_reassigned: 0
2026-05-21 15:35:31.482: [INFO] OnDoneLoading sync enabled: 0
2026-05-21 15:36:38.548: [INFO] VisibilityChanged: 1
2026-05-21 15:36:43.138: [INFO] VisibilityChanged: 0
2026-05-21 15:36:45.523: [INFO] RecordFavoritesImport - file
2026-05-21 15:36:45.573: [INFO] BookmarkNodeAdded, ABU: 0
2026-05-21 15:36:45.574: [INFO] BookmarkNodeAdded, ABU: 0
2026-05-21 15:36:45.574: [INFO] BookmarkNodeAdded, ABU: 0
2026-05-21 15:36:45.575: [INFO] BookmarkNodeAdded, ABU: 0
2026-05-21 15:36:45.575: [INFO] BookmarkNodeAdded, ABU: 0
2026-05-21 15:36:52.131: [INFO] VisibilityChanged: 1
2026-05-21 15:37:13.903: [INFO] VisibilityChanged: 0
2026-05-21 15:37:31.255: [INFO] VisibilityChanged: 1
2026-05-21 15:38:33.858: [INFO] RecordFavoritesImport - file
2026-05-21 15:39:40.413: [INFO] OnDoneLoading sync enabled: 0
2026-05-21 15:40:30.681: [INFO] OnDoneLoading sync enabled: 0
2026-05-21 15:42:37.342: [INFO] OnDoneLoading sync enabled: 0
2026-05-21 15:43:30.336: [INFO] OnDoneLoading sync enabled: 0
2026-05-21 15:44:24.832: [INFO] OnDoneLoading sync enabled: 0
2026-05-21 15:49:14.574: [INFO] OnDoneLoading sync enabled: 0
2026-05-21 15:52:18.471: [INFO] OnDoneLoading sync enabled: 0
2026-05-21 15:56:29.417: [INFO] VisibilityChanged: 0
2026-05-21 16:00:14.240: [INFO] OnDoneLoading sync enabled: 0
2026-05-21 16:15:08.723: [INFO] VisibilityChanged: 0
2026-05-22 01:23:59.630: [INFO] OnDoneLoading sync enabled: 0
2026-05-22 01:27:34.856: [INFO] OnDoneLoading sync enabled: 0
2026-05-22 01:41:52.809: [INFO] OnDoneLoading sync enabled: 0
2026-05-22 01:51:58.631: [INFO] OnDoneLoading sync enabled: 0
2026-05-22 02:04:59.531: [INFO] OnDoneLoading sync enabled: 0
2026-05-22 02:06:22.294: [INFO] VisibilityChanged: 0
2026-05-22 02:25:31.263: [INFO] OnDoneLoading sync enabled: 0
2026-05-22 02:27:27.342: [INFO] VisibilityChanged: 0
2026-05-22 02:28:50.219: [INFO] OnDoneLoading sync enabled: 0
2026-05-22 02:44:13.601: [INFO] OnDoneLoading sync enabled: 0
2026-05-22 02:49:04.115: [INFO] OnDoneLoading sync enabled: 0
2026-05-22 02:49:34.547: [INFO] VisibilityChanged: 0
2026-05-22 02:50:20.148: [INFO] OnDoneLoading sync enabled: 0
2026-05-22 03:04:39.939: [INFO] OnDoneLoading sync enabled: 0
2026-05-22 03:13:45.026: [INFO] OnDoneLoading sync enabled: 0
2026-05-22 04:08:42.000: [INFO] VisibilityChanged: 0
2026-05-29 00:43:13.480: [INFO] OnDoneLoading sync enabled: 0
2026-05-29 00:50:03.422: [INFO] VisibilityChanged: 0
2026-05-29 01:07:13.508: [INFO] OnDoneLoading sync enabled: 0
2026-05-29 01:13:59.143: [INFO] OnDoneLoading sync enabled: 0
2026-05-29 22:15:22.239: [INFO] OnDoneLoading sync enabled: 0
2026-05-29 22:17:32.479: [INFO] OnDoneLoading sync enabled: 0
2026-05-29 22:20:51.499: [INFO] OnDoneLoading sync enabled: 0
2026-05-29 22:46:53.806: [INFO] OnDoneLoading sync enabled: 0
2026-05-29 22:55:09.779: [INFO] OnDoneLoading sync enabled: 0
2026-05-29 23:37:11.779: [INFO] OnDoneLoading sync enabled: 0
2026-05-30 03:43:42.835: [INFO] OnDoneLoading sync enabled: 0
2026-05-30 03:45:51.822: [INFO] OnDoneLoading sync enabled: 0
2026-05-30 04:14:02.637: [INFO] OnDoneLoading sync enabled: 0
2026-05-30 04:31:59.500: [INFO] OnDoneLoading sync enabled: 0
2026-05-30 04:37:36.864: [INFO] OnDoneLoading sync enabled: 0
2026-05-30 04:47:58.181: [INFO] OnDoneLoading sync enabled: 0
2026-05-30 23:35:40.400: [INFO] OnDoneLoading sync enabled: 0
2026-05-30 23:45:17.090: [INFO] OnDoneLoading sync enabled: 0
2026-05-30 23:48:42.728: [INFO] VisibilityChanged: 0
2026-05-31 00:09:02.536: [INFO] OnDoneLoading sync enabled: 0
2026-05-31 00:54:35.361: [INFO] OnDoneLoading sync enabled: 0
2026-05-31 00:59:18.839: [INFO] OnDoneLoading sync enabled: 0
2026-05-31 01:38:54.160: [INFO] VisibilityChanged: 0
2026-06-01 19:26:12.346: [INFO] OnDoneLoading sync enabled: 0
2026-06-02 00:54:40.734: [INFO] OnDoneLoading sync enabled: 0
2026-06-02 01:02:33.720: [INFO] OnDoneLoading sync enabled: 0
2026-06-02 01:06:48.117: [INFO] VisibilityChanged: 0
2026-06-02 03:56:48.759: [INFO] OnDoneLoading sync enabled: 0
2026-06-02 03:57:29.974: [INFO] VisibilityChanged: 0
2026-06-02 03:57:50.650: [INFO] OnDoneLoading sync enabled: 0
2026-06-02 04:37:52.625: [INFO] OnDoneLoading sync enabled: 0
2026-06-02 04:41:44.784: [INFO] OnDoneLoading sync enabled: 0
2026-06-02 04:45:30.697: [INFO] OnDoneLoading sync enabled: 0
2026-06-02 04:47:18.903: [INFO] OnDoneLoading sync enabled: 0
2026-06-02 04:49:43.462: [INFO] OnDoneLoading sync enabled: 0
2026-06-02 23:31:55.545: [INFO] OnDoneLoading sync enabled: 0
2026-06-02 23:33:47.900: [INFO] OnDoneLoading sync enabled: 0
2026-06-02 23:33:54.222: [INFO] VisibilityChanged: 0
2026-06-02 23:34:33.763: [INFO] OnDoneLoading sync enabled: 0
2026-06-02 23:43:36.996: [INFO] OnDoneLoading sync enabled: 0
2026-06-04 01:26:43.265: [INFO] OnDoneLoading sync enabled: 0
2026-06-04 02:19:37.039: [INFO] VisibilityChanged: 0
2026-06-04 07:04:46.693: [INFO] OnDoneLoading sync enabled: 0
2026-06-05 04:40:52.603: [INFO] OnDoneLoading sync enabled: 0
2026-06-05 04:45:24.221: [INFO] OnDoneLoading sync enabled: 0
2026-06-05 04:52:31.021: [INFO] OnDoneLoading sync enabled: 0
2026-06-05 04:55:57.063: [INFO] OnDoneLoading sync enabled: 0
2026-06-05 04:56:39.749: [INFO] VisibilityChanged: 0
2026-06-05 04:58:08.573: [INFO] OnDoneLoading sync enabled: 0
2026-06-05 05:04:37.004: [INFO] VisibilityChanged: 0
2026-06-05 20:02:28.678: [INFO] OnDoneLoading sync enabled: 0
2026-06-05 20:05:12.910: [INFO] OnDoneLoading sync enabled: 0
2026-06-05 20:05:19.678: [INFO] VisibilityChanged: 0
2026-06-05 20:10:33.594: [INFO] OnDoneLoading sync enabled: 0
2026-06-05 20:13:20.224: [INFO] OnDoneLoading sync enabled: 0
